[33m[nodemon] 2.0.15[39m
[33m[nodemon] to restart at any time, enter `rs`[39m
[33m[nodemon] watching path(s): *.*[39m
[33m[nodemon] watching extensions: js,mjs,json[39m
[32m[nodemon] starting `node server.js`[39m
App Running at http://localhost:5000
WEBHOOK RECEIVED
{
  host: 'ea10-202-73-36-169.ngrok.io',
  'user-agent': 'CircleCI-Webhook/1.0',
  'content-length': '1407',
  'accept-encoding': 'gzip, deflate',
  'circleci-event-type': 'job-completed',
  'circleci-signature': 'v1=9f449ae152b8a5c50e4d7ada6b3925ff722edd1a14c472cf67e47721f1c74318',
  'content-type': 'application/json',
  'x-forwarded-for': '34.197.216.176',
  'x-forwarded-proto': 'https'
}
{"happened_at":"2022-01-26T05:29:48.711Z","pipeline":{"id":"3e6dbc94-cd6c-4045-be62-2c358043de25","number":1,"created_at":"2021-12-20T01:26:24.921Z","trigger":{"type":"api"},"vcs":{"provider_name":"github","origin_repository_url":"https://github.com/Mel-Github/circleCI-Nodejs","target_repository_url":"https://github.com/Mel-Github/circleCI-Nodejs","revision":"a066806d2ca8a30b74720b53f787c6db04759d3e","commit":{"subject":null,"body":null,"author":{"name":null,"email":null},"authored_at":null,"committer":{"name":null,"email":null},"committed_at":null},"branch":"2.1-orb-example"}},"webhook":{"id":"47750dd7-710d-489f-bd73-38407941aec5","name":"webhook-nodejs-test"},"type":"job-completed","organization":{"id":"33ad6b6a-583e-49ba-b9f5-8b10b6a729bc","name":"Mel-Github"},"workflow":{"id":"ee59046f-5af8-484e-ae8e-1057a043699d","name":"node-tests","created_at":"2022-01-26T05:29:32.568Z","stopped_at":"2022-01-26T05:29:48.600Z","url":"https://app.circleci.com/pipelines/github/Mel-Github/circleCI-Nodejs/1/workflows/ee59046f-5af8-484e-ae8e-1057a043699d"},"project":{"id":"1a8b6350-3986-4eef-b033-5267a1640397","name":"circleCI-Nodejs","slug":"github/Mel-Github/circleCI-Nodejs"},"id":"0003b66d-925c-37ba-a18d-8417d7c57e63","job":{"id":"5dd60530-48fe-418c-a656-9c79b9d39188","name":"node/test","started_at":"2022-01-26T05:29:35.727Z","stopped_at":"2022-01-26T05:29:48.600Z","status":"success","number":65}}
Webhook signature and test digest are matching.
job duration hours 12.873

---> 

counter_circleci_total_time_jobs_payload --->{"gauge":[{"metric":"counter.circleci.total.time.jobs","value":12873,"timestamp":1643174989029,"dimensions":{"project.name":"circleCI-Nodejs","project.branch":"2.1-orb-example","workflow.name":"node-tests","counter.circleci.total.time.jobs":"12873","sf_hires":"1","workflow.url":"https://app.circleci.com/pipelines/github/Mel-Github/circleCI-Nodejs/1/workflows/ee59046f-5af8-484e-ae8e-1057a043699d","job.name":"node/test","job.status":"success"}}]}

gauge_circleci_total_count_jobs_payload --->{"gauge":[{"metric":"gauge.circleci.total.count.jobs","value":65,"timestamp":1643174989029,"dimensions":{"project.name":"circleCI-Nodejs","project.branch":"2.1-orb-example","workflow.name":"node-tests","workflow.url":"https://app.circleci.com/pipelines/github/Mel-Github/circleCI-Nodejs/1/workflows/ee59046f-5af8-484e-ae8e-1057a043699d","job.number":"65","job.name":"node/test","job.status":"success"}}]}

cumulative_circleci_total_time_jobs_payload --->{"cumulative_counter":[{"metric":"cumulative.circleci.total.time.jobs","value":12873,"timestamp":1643174989029,"dimensions":{"project.name":"circleCI-Nodejs","project.branch":"2.1-orb-example","workflow.name":"node-tests","workflow.url":"https://app.circleci.com/pipelines/github/Mel-Github/circleCI-Nodejs/1/workflows/ee59046f-5af8-484e-ae8e-1057a043699d","job.name":"node/test","job.status":"success"}}]}

Array has  3 

param 0 is {"gauge":[{"metric":"counter.circleci.total.time.jobs","value":12873,"timestamp":1643174989029,"dimensions":{"project.name":"circleCI-Nodejs","project.branch":"2.1-orb-example","workflow.name":"node-tests","counter.circleci.total.time.jobs":"12873","sf_hires":"1","workflow.url":"https://app.circleci.com/pipelines/github/Mel-Github/circleCI-Nodejs/1/workflows/ee59046f-5af8-484e-ae8e-1057a043699d","job.name":"node/test","job.status":"success"}}]}
param 1 is {"gauge":[{"metric":"gauge.circleci.total.count.jobs","value":65,"timestamp":1643174989029,"dimensions":{"project.name":"circleCI-Nodejs","project.branch":"2.1-orb-example","workflow.name":"node-tests","workflow.url":"https://app.circleci.com/pipelines/github/Mel-Github/circleCI-Nodejs/1/workflows/ee59046f-5af8-484e-ae8e-1057a043699d","job.number":"65","job.name":"node/test","job.status":"success"}}]}
param 2 is {"cumulative_counter":[{"metric":"cumulative.circleci.total.time.jobs","value":12873,"timestamp":1643174989029,"dimensions":{"project.name":"circleCI-Nodejs","project.branch":"2.1-orb-example","workflow.name":"node-tests","workflow.url":"https://app.circleci.com/pipelines/github/Mel-Github/circleCI-Nodejs/1/workflows/ee59046f-5af8-484e-ae8e-1057a043699d","job.name":"node/test","job.status":"success"}}]}
WEBHOOK RECEIVED
{
  host: 'ea10-202-73-36-169.ngrok.io',
  'user-agent': 'CircleCI-Webhook/1.0',
  'content-length': '1249',
  'accept-encoding': 'gzip, deflate',
  'circleci-event-type': 'workflow-completed',
  'circleci-signature': 'v1=9b7f1a39277671cad94455185dcf48a35af8cf0fe1419928fd58fd7c25f153a3',
  'content-type': 'application/json',
  'x-forwarded-for': '52.206.105.184',
  'x-forwarded-proto': 'https'
}
{"type":"workflow-completed","id":"146c566f-8a2f-33cc-86cc-019758b13f2a","happened_at":"2022-01-26T05:29:48.753Z","webhook":{"id":"47750dd7-710d-489f-bd73-38407941aec5","name":"webhook-nodejs-test"},"workflow":{"id":"ee59046f-5af8-484e-ae8e-1057a043699d","name":"node-tests","created_at":"2022-01-26T05:29:32.568Z","stopped_at":"2022-01-26T05:29:48.600Z","url":"https://app.circleci.com/pipelines/github/Mel-Github/circleCI-Nodejs/1/workflows/ee59046f-5af8-484e-ae8e-1057a043699d","status":"success"},"pipeline":{"id":"3e6dbc94-cd6c-4045-be62-2c358043de25","number":1,"created_at":"2021-12-20T01:26:24.921Z","trigger":{"type":"api"},"vcs":{"provider_name":"github","origin_repository_url":"https://github.com/Mel-Github/circleCI-Nodejs","target_repository_url":"https://github.com/Mel-Github/circleCI-Nodejs","revision":"a066806d2ca8a30b74720b53f787c6db04759d3e","commit":{"subject":null,"body":null,"author":{"name":null,"email":null},"authored_at":null,"committer":{"name":null,"email":null},"committed_at":null},"branch":"2.1-orb-example"}},"project":{"id":"1a8b6350-3986-4eef-b033-5267a1640397","name":"circleCI-Nodejs","slug":"github/Mel-Github/circleCI-Nodejs"},"organization":{"id":"33ad6b6a-583e-49ba-b9f5-8b10b6a729bc","name":"Mel-Github"}}
Webhook signature and test digest are matching.
workflow duration hours 16.032

cumulative_circleci_total_time_pipelines_payload --->{"gauge":[{"metric":"gauge.circleci.total.count.pipelines","value":1,"timestamp":1643174989033,"dimensions":{"project.name":"circleCI-Nodejs","project.branch":"2.1-orb-example","workflow.name":"node-tests"}}]}

cumulative_circleci_total_time_pipelines_payload --->{"cumulative_counter":[{"metric":"cumulative.circleci.total.time.pipelines","value":16032,"timestamp":1643174989033,"dimensions":{"project.name":"circleCI-Nodejs","project.branch":"2.1-orb-example","workflow.name":"node-tests","workflow.url":"https://app.circleci.com/pipelines/github/Mel-Github/circleCI-Nodejs/1/workflows/ee59046f-5af8-484e-ae8e-1057a043699d"}}]}

Array has  2 

param 0 is {"gauge":[{"metric":"gauge.circleci.total.count.pipelines","value":1,"timestamp":1643174989033,"dimensions":{"project.name":"circleCI-Nodejs","project.branch":"2.1-orb-example","workflow.name":"node-tests"}}]}
param 1 is {"cumulative_counter":[{"metric":"cumulative.circleci.total.time.pipelines","value":16032,"timestamp":1643174989033,"dimensions":{"project.name":"circleCI-Nodejs","project.branch":"2.1-orb-example","workflow.name":"node-tests","workflow.url":"https://app.circleci.com/pipelines/github/Mel-Github/circleCI-Nodejs/1/workflows/ee59046f-5af8-484e-ae8e-1057a043699d"}}]}
WEBHOOK RECEIVED
{
  host: 'ea10-202-73-36-169.ngrok.io',
  'user-agent': 'CircleCI-Webhook/1.0',
  'content-length': '1407',
  'accept-encoding': 'gzip, deflate',
  'circleci-event-type': 'job-completed',
  'circleci-signature': 'v1=9f449ae152b8a5c50e4d7ada6b3925ff722edd1a14c472cf67e47721f1c74318',
  'content-type': 'application/json',
  'x-forwarded-for': '34.197.216.176',
  'x-forwarded-proto': 'https'
}
{"happened_at":"2022-01-26T05:29:48.711Z","pipeline":{"id":"3e6dbc94-cd6c-4045-be62-2c358043de25","number":1,"created_at":"2021-12-20T01:26:24.921Z","trigger":{"type":"api"},"vcs":{"provider_name":"github","origin_repository_url":"https://github.com/Mel-Github/circleCI-Nodejs","target_repository_url":"https://github.com/Mel-Github/circleCI-Nodejs","revision":"a066806d2ca8a30b74720b53f787c6db04759d3e","commit":{"subject":null,"body":null,"author":{"name":null,"email":null},"authored_at":null,"committer":{"name":null,"email":null},"committed_at":null},"branch":"2.1-orb-example"}},"webhook":{"id":"47750dd7-710d-489f-bd73-38407941aec5","name":"webhook-nodejs-test"},"type":"job-completed","organization":{"id":"33ad6b6a-583e-49ba-b9f5-8b10b6a729bc","name":"Mel-Github"},"workflow":{"id":"ee59046f-5af8-484e-ae8e-1057a043699d","name":"node-tests","created_at":"2022-01-26T05:29:32.568Z","stopped_at":"2022-01-26T05:29:48.600Z","url":"https://app.circleci.com/pipelines/github/Mel-Github/circleCI-Nodejs/1/workflows/ee59046f-5af8-484e-ae8e-1057a043699d"},"project":{"id":"1a8b6350-3986-4eef-b033-5267a1640397","name":"circleCI-Nodejs","slug":"github/Mel-Github/circleCI-Nodejs"},"id":"0003b66d-925c-37ba-a18d-8417d7c57e63","job":{"id":"5dd60530-48fe-418c-a656-9c79b9d39188","name":"node/test","started_at":"2022-01-26T05:29:35.727Z","stopped_at":"2022-01-26T05:29:48.600Z","status":"success","number":65}}
Webhook signature and test digest are matching.
job duration hours 12.873

---> 

counter_circleci_total_time_jobs_payload --->{"gauge":[{"metric":"counter.circleci.total.time.jobs","value":12873,"timestamp":1643174995062,"dimensions":{"project.name":"circleCI-Nodejs","project.branch":"2.1-orb-example","workflow.name":"node-tests","counter.circleci.total.time.jobs":"12873","sf_hires":"1","workflow.url":"https://app.circleci.com/pipelines/github/Mel-Github/circleCI-Nodejs/1/workflows/ee59046f-5af8-484e-ae8e-1057a043699d","job.name":"node/test","job.status":"success"}}]}

gauge_circleci_total_count_jobs_payload --->{"gauge":[{"metric":"gauge.circleci.total.count.jobs","value":65,"timestamp":1643174995062,"dimensions":{"project.name":"circleCI-Nodejs","project.branch":"2.1-orb-example","workflow.name":"node-tests","workflow.url":"https://app.circleci.com/pipelines/github/Mel-Github/circleCI-Nodejs/1/workflows/ee59046f-5af8-484e-ae8e-1057a043699d","job.number":"65","job.name":"node/test","job.status":"success"}}]}

cumulative_circleci_total_time_jobs_payload --->{"cumulative_counter":[{"metric":"cumulative.circleci.total.time.jobs","value":12873,"timestamp":1643174995062,"dimensions":{"project.name":"circleCI-Nodejs","project.branch":"2.1-orb-example","workflow.name":"node-tests","workflow.url":"https://app.circleci.com/pipelines/github/Mel-Github/circleCI-Nodejs/1/workflows/ee59046f-5af8-484e-ae8e-1057a043699d","job.name":"node/test","job.status":"success"}}]}

Array has  3 

param 0 is {"gauge":[{"metric":"counter.circleci.total.time.jobs","value":12873,"timestamp":1643174995062,"dimensions":{"project.name":"circleCI-Nodejs","project.branch":"2.1-orb-example","workflow.name":"node-tests","counter.circleci.total.time.jobs":"12873","sf_hires":"1","workflow.url":"https://app.circleci.com/pipelines/github/Mel-Github/circleCI-Nodejs/1/workflows/ee59046f-5af8-484e-ae8e-1057a043699d","job.name":"node/test","job.status":"success"}}]}
param 1 is {"gauge":[{"metric":"gauge.circleci.total.count.jobs","value":65,"timestamp":1643174995062,"dimensions":{"project.name":"circleCI-Nodejs","project.branch":"2.1-orb-example","workflow.name":"node-tests","workflow.url":"https://app.circleci.com/pipelines/github/Mel-Github/circleCI-Nodejs/1/workflows/ee59046f-5af8-484e-ae8e-1057a043699d","job.number":"65","job.name":"node/test","job.status":"success"}}]}
param 2 is {"cumulative_counter":[{"metric":"cumulative.circleci.total.time.jobs","value":12873,"timestamp":1643174995062,"dimensions":{"project.name":"circleCI-Nodejs","project.branch":"2.1-orb-example","workflow.name":"node-tests","workflow.url":"https://app.circleci.com/pipelines/github/Mel-Github/circleCI-Nodejs/1/workflows/ee59046f-5af8-484e-ae8e-1057a043699d","job.name":"node/test","job.status":"success"}}]}
WEBHOOK RECEIVED
{
  host: 'ea10-202-73-36-169.ngrok.io',
  'user-agent': 'CircleCI-Webhook/1.0',
  'content-length': '1249',
  'accept-encoding': 'gzip, deflate',
  'circleci-event-type': 'workflow-completed',
  'circleci-signature': 'v1=9b7f1a39277671cad94455185dcf48a35af8cf0fe1419928fd58fd7c25f153a3',
  'content-type': 'application/json',
  'x-forwarded-for': '52.206.105.184',
  'x-forwarded-proto': 'https'
}
{"type":"workflow-completed","id":"146c566f-8a2f-33cc-86cc-019758b13f2a","happened_at":"2022-01-26T05:29:48.753Z","webhook":{"id":"47750dd7-710d-489f-bd73-38407941aec5","name":"webhook-nodejs-test"},"workflow":{"id":"ee59046f-5af8-484e-ae8e-1057a043699d","name":"node-tests","created_at":"2022-01-26T05:29:32.568Z","stopped_at":"2022-01-26T05:29:48.600Z","url":"https://app.circleci.com/pipelines/github/Mel-Github/circleCI-Nodejs/1/workflows/ee59046f-5af8-484e-ae8e-1057a043699d","status":"success"},"pipeline":{"id":"3e6dbc94-cd6c-4045-be62-2c358043de25","number":1,"created_at":"2021-12-20T01:26:24.921Z","trigger":{"type":"api"},"vcs":{"provider_name":"github","origin_repository_url":"https://github.com/Mel-Github/circleCI-Nodejs","target_repository_url":"https://github.com/Mel-Github/circleCI-Nodejs","revision":"a066806d2ca8a30b74720b53f787c6db04759d3e","commit":{"subject":null,"body":null,"author":{"name":null,"email":null},"authored_at":null,"committer":{"name":null,"email":null},"committed_at":null},"branch":"2.1-orb-example"}},"project":{"id":"1a8b6350-3986-4eef-b033-5267a1640397","name":"circleCI-Nodejs","slug":"github/Mel-Github/circleCI-Nodejs"},"organization":{"id":"33ad6b6a-583e-49ba-b9f5-8b10b6a729bc","name":"Mel-Github"}}
Webhook signature and test digest are matching.
workflow duration hours 16.032

cumulative_circleci_total_time_pipelines_payload --->{"gauge":[{"metric":"gauge.circleci.total.count.pipelines","value":1,"timestamp":1643174995094,"dimensions":{"project.name":"circleCI-Nodejs","project.branch":"2.1-orb-example","workflow.name":"node-tests"}}]}

cumulative_circleci_total_time_pipelines_payload --->{"cumulative_counter":[{"metric":"cumulative.circleci.total.time.pipelines","value":16032,"timestamp":1643174995094,"dimensions":{"project.name":"circleCI-Nodejs","project.branch":"2.1-orb-example","workflow.name":"node-tests","workflow.url":"https://app.circleci.com/pipelines/github/Mel-Github/circleCI-Nodejs/1/workflows/ee59046f-5af8-484e-ae8e-1057a043699d"}}]}

Array has  2 

param 0 is {"gauge":[{"metric":"gauge.circleci.total.count.pipelines","value":1,"timestamp":1643174995094,"dimensions":{"project.name":"circleCI-Nodejs","project.branch":"2.1-orb-example","workflow.name":"node-tests"}}]}
param 1 is {"cumulative_counter":[{"metric":"cumulative.circleci.total.time.pipelines","value":16032,"timestamp":1643174995094,"dimensions":{"project.name":"circleCI-Nodejs","project.branch":"2.1-orb-example","workflow.name":"node-tests","workflow.url":"https://app.circleci.com/pipelines/github/Mel-Github/circleCI-Nodejs/1/workflows/ee59046f-5af8-484e-ae8e-1057a043699d"}}]}
