[33m[nodemon] 2.0.15[39m
[33m[nodemon] to restart at any time, enter `rs`[39m
[33m[nodemon] watching path(s): *.*[39m
[33m[nodemon] watching extensions: js,mjs,json[39m
[32m[nodemon] starting `node server.js`[39m
App Running at http://localhost:5000
WEBHOOK RECEIVED
{
  host: 'ea10-202-73-36-169.ngrok.io',
  'user-agent': 'GitHub-Hookshot/9574af4',
  'content-length': '7613',
  accept: '*/*',
  'content-type': 'application/json',
  'x-forwarded-for': '140.82.115.96',
  'x-forwarded-proto': 'https',
  'x-github-delivery': 'ef1225e0-7ac6-11ec-8a84-a52a53205132',
  'x-github-event': 'workflow_job',
  'x-github-hook-id': '339095492',
  'x-github-hook-installation-target-id': '449924134',
  'x-github-hook-installation-target-type': 'repository',
  'x-hub-signature': 'sha1=4ee5efc6759521886f0678490e06b674a4416f46',
  'x-hub-signature-256': 'sha256=cbc777f8abe8e4e251c79bc0eabb631dc0ed1cd6b84aa70ec72e2be9943cfea6',
  'accept-encoding': 'gzip'
}
Webhook signature and test digest are matching.
WEBHOOK RECEIVED
{
  host: 'ea10-202-73-36-169.ngrok.io',
  'user-agent': 'GitHub-Hookshot/9574af4',
  'content-length': '12276',
  accept: '*/*',
  'content-type': 'application/json',
  'x-forwarded-for': '140.82.115.100',
  'x-forwarded-proto': 'https',
  'x-github-delivery': 'ef107830-7ac6-11ec-9533-a687852c8e94',
  'x-github-event': 'check_run',
  'x-github-hook-id': '339095492',
  'x-github-hook-installation-target-id': '449924134',
  'x-github-hook-installation-target-type': 'repository',
  'x-hub-signature': 'sha1=bcde1367ea2b3ff1056ba63e71f1f476cdc97919',
  'x-hub-signature-256': 'sha256=6c7f94845b69096bc30911535f4e242b9e649d01feecccbf863e6e4508e455b2',
  'accept-encoding': 'gzip'
}
Webhook signature and test digest are matching.
WEBHOOK RECEIVED
{
  host: 'ea10-202-73-36-169.ngrok.io',
  'user-agent': 'GitHub-Hookshot/9574af4',
  'content-length': '7772',
  accept: '*/*',
  'content-type': 'application/json',
  'x-forwarded-for': '140.82.115.106',
  'x-forwarded-proto': 'https',
  'x-github-delivery': 'f43f1190-7ac6-11ec-8631-63f98dbfd1fa',
  'x-github-event': 'workflow_job',
  'x-github-hook-id': '339095492',
  'x-github-hook-installation-target-id': '449924134',
  'x-github-hook-installation-target-type': 'repository',
  'x-hub-signature': 'sha1=274158d2f98c7fed8a7e6e3f9095b8336b215f8a',
  'x-hub-signature-256': 'sha256=ec66c4d89f585c9f9f8d939f460ccf82c8707788b0e34f8ef36c98c7018b1e62',
  'accept-encoding': 'gzip'
}
Webhook signature and test digest are matching.
WEBHOOK RECEIVED
{
  host: 'ea10-202-73-36-169.ngrok.io',
  'user-agent': 'GitHub-Hookshot/9574af4',
  'content-length': '12309',
  accept: '*/*',
  'content-type': 'application/json',
  'x-forwarded-for': '140.82.115.153',
  'x-forwarded-proto': 'https',
  'x-github-delivery': '0f4f0440-7ac7-11ec-802a-db0764aa0415',
  'x-github-event': 'check_run',
  'x-github-hook-id': '339095492',
  'x-github-hook-installation-target-id': '449924134',
  'x-github-hook-installation-target-type': 'repository',
  'x-hub-signature': 'sha1=052a00c1b72448d89d3be48f8058fa23ec0139d4',
  'x-hub-signature-256': 'sha256=dcad902a96b061f205a4230365b020d9227bf3110b0b256be0b5d9eeaa20e861',
  'accept-encoding': 'gzip'
}
Webhook signature and test digest are matching.
name:  build
status success
Url https://api.github.com/repos/mcheng-splunk/github-actions-for-ci/check-runs/4897664236
workflow duration 44sec
repository github-actions-for-ci
check run id 4897664236
WEBHOOK RECEIVED
{
  host: 'ea10-202-73-36-169.ngrok.io',
  'user-agent': 'GitHub-Hookshot/9574af4',
  'content-length': '8685',
  accept: '*/*',
  'content-type': 'application/json',
  'x-forwarded-for': '140.82.115.100',
  'x-forwarded-proto': 'https',
  'x-github-delivery': '0f51ea70-7ac7-11ec-8448-eb3d3965a169',
  'x-github-event': 'workflow_job',
  'x-github-hook-id': '339095492',
  'x-github-hook-installation-target-id': '449924134',
  'x-github-hook-installation-target-type': 'repository',
  'x-hub-signature': 'sha1=8bae4680123c8ee5a167ca35c8a9f5dfac748bed',
  'x-hub-signature-256': 'sha256=704b585cbaf4f7a5cd63b6abf0bbd7f8ee455bacd90ab7daeef041494e395eb5',
  'accept-encoding': 'gzip'
}
Webhook signature and test digest are matching.
workflow job id 4897664236
workflow job run attempt  12
workflow job conclusion  success
WEBHOOK RECEIVED
{
  host: 'ea10-202-73-36-169.ngrok.io',
  'user-agent': 'GitHub-Hookshot/9574af4',
  'content-length': '7634',
  accept: '*/*',
  'content-type': 'application/json',
  'x-forwarded-for': '140.82.115.109',
  'x-forwarded-proto': 'https',
  'x-github-delivery': '0fa5afc0-7ac7-11ec-9c31-8aeb8557ee51',
  'x-github-event': 'workflow_job',
  'x-github-hook-id': '339095492',
  'x-github-hook-installation-target-id': '449924134',
  'x-github-hook-installation-target-type': 'repository',
  'x-hub-signature': 'sha1=0b187d3ba427335ab3395c16a375850fe5d630cb',
  'x-hub-signature-256': 'sha256=d22b2b8b3090f07d6a5acb88999d9e3903a90ad8ebaf31332ebcbce2297b102c',
  'accept-encoding': 'gzip'
}
Webhook signature and test digest are matching.
WEBHOOK RECEIVED
{
  host: 'ea10-202-73-36-169.ngrok.io',
  'user-agent': 'GitHub-Hookshot/9574af4',
  'content-length': '12297',
  accept: '*/*',
  'content-type': 'application/json',
  'x-forwarded-for': '140.82.115.81',
  'x-forwarded-proto': 'https',
  'x-github-delivery': '0fa40210-7ac7-11ec-9da5-53a31e2f875a',
  'x-github-event': 'check_run',
  'x-github-hook-id': '339095492',
  'x-github-hook-installation-target-id': '449924134',
  'x-github-hook-installation-target-type': 'repository',
  'x-hub-signature': 'sha1=ce44355f79e6206079b382fc4138445ea685014c',
  'x-hub-signature-256': 'sha256=c87182cabfdbff74fa05da4e29cf99c12bbdcf3b99fd4c72505adfbb3d894a71',
  'accept-encoding': 'gzip'
}
Webhook signature and test digest are matching.
WEBHOOK RECEIVED
{
  host: 'ea10-202-73-36-169.ngrok.io',
  'user-agent': 'GitHub-Hookshot/9574af4',
  'content-length': '7634',
  accept: '*/*',
  'content-type': 'application/json',
  'x-forwarded-for': '140.82.115.85',
  'x-forwarded-proto': 'https',
  'x-github-delivery': '0fd460e0-7ac7-11ec-9e36-a09266b5a29f',
  'x-github-event': 'workflow_job',
  'x-github-hook-id': '339095492',
  'x-github-hook-installation-target-id': '449924134',
  'x-github-hook-installation-target-type': 'repository',
  'x-hub-signature': 'sha1=1c7f30747ee701f78cb33b738e11ed47fd4e1a2c',
  'x-hub-signature-256': 'sha256=c127718568c626e8f0dba918a2eb1b5e966e44a3a62ba304be79873d833f10af',
  'accept-encoding': 'gzip'
}
Webhook signature and test digest are matching.
WEBHOOK RECEIVED
{
  host: 'ea10-202-73-36-169.ngrok.io',
  'user-agent': 'GitHub-Hookshot/9574af4',
  'content-length': '12297',
  accept: '*/*',
  'content-type': 'application/json',
  'x-forwarded-for': '140.82.115.89',
  'x-forwarded-proto': 'https',
  'x-github-delivery': '0fd23e00-7ac7-11ec-8e4c-6107771218e5',
  'x-github-event': 'check_run',
  'x-github-hook-id': '339095492',
  'x-github-hook-installation-target-id': '449924134',
  'x-github-hook-installation-target-type': 'repository',
  'x-hub-signature': 'sha1=cf0e2adb323a2ebd81549fd7a71cfe32e2905ad0',
  'x-hub-signature-256': 'sha256=efb896c4ce9a73fd57ea4558411166fce42c0b4213ea4fb4c101d05ffb1cdba4',
  'accept-encoding': 'gzip'
}
Webhook signature and test digest are matching.
WEBHOOK RECEIVED
{
  host: 'ea10-202-73-36-169.ngrok.io',
  'user-agent': 'GitHub-Hookshot/9574af4',
  'content-length': '7633',
  accept: '*/*',
  'content-type': 'application/json',
  'x-forwarded-for': '140.82.115.105',
  'x-forwarded-proto': 'https',
  'x-github-delivery': '101eb050-7ac7-11ec-8f91-dd11f88b4a8c',
  'x-github-event': 'workflow_job',
  'x-github-hook-id': '339095492',
  'x-github-hook-installation-target-id': '449924134',
  'x-github-hook-installation-target-type': 'repository',
  'x-hub-signature': 'sha1=dffc1b0b56423de166d5ed158e181d9877fe4994',
  'x-hub-signature-256': 'sha256=e4a5a217dc9ef0947557350336f6fe8fc06f70dd741c51c1970a548b3dd00dba',
  'accept-encoding': 'gzip'
}
Webhook signature and test digest are matching.
WEBHOOK RECEIVED
{
  host: 'ea10-202-73-36-169.ngrok.io',
  'user-agent': 'GitHub-Hookshot/9574af4',
  'content-length': '12296',
  accept: '*/*',
  'content-type': 'application/json',
  'x-forwarded-for': '140.82.115.145',
  'x-forwarded-proto': 'https',
  'x-github-delivery': '101c8d70-7ac7-11ec-9a67-bfc1a53dfc0b',
  'x-github-event': 'check_run',
  'x-github-hook-id': '339095492',
  'x-github-hook-installation-target-id': '449924134',
  'x-github-hook-installation-target-type': 'repository',
  'x-hub-signature': 'sha1=d94c2e71ad93a82ed2625360e9c716fbb7916e7a',
  'x-hub-signature-256': 'sha256=9ce4a47682612816448feef807070ed7792b7ca30a23d64a134924fc6e3aaeb2',
  'accept-encoding': 'gzip'
}
Webhook signature and test digest are matching.
WEBHOOK RECEIVED
{
  host: 'ea10-202-73-36-169.ngrok.io',
  'user-agent': 'GitHub-Hookshot/9574af4',
  'content-length': '7633',
  accept: '*/*',
  'content-type': 'application/json',
  'x-forwarded-for': '140.82.115.117',
  'x-forwarded-proto': 'https',
  'x-github-delivery': '104c5000-7ac7-11ec-968b-1dd232b8949f',
  'x-github-event': 'workflow_job',
  'x-github-hook-id': '339095492',
  'x-github-hook-installation-target-id': '449924134',
  'x-github-hook-installation-target-type': 'repository',
  'x-hub-signature': 'sha1=c3a9a94da8fc50608a27fbd26c240c02bf1e7510',
  'x-hub-signature-256': 'sha256=82abc5c3a147702bfc0129be074ba3869cdc44c925f44b0f4a36df994857b942',
  'accept-encoding': 'gzip'
}
Webhook signature and test digest are matching.
WEBHOOK RECEIVED
{
  host: 'ea10-202-73-36-169.ngrok.io',
  'user-agent': 'GitHub-Hookshot/9574af4',
  'content-length': '12296',
  accept: '*/*',
  'content-type': 'application/json',
  'x-forwarded-for': '140.82.115.107',
  'x-forwarded-proto': 'https',
  'x-github-delivery': '1047e330-7ac7-11ec-80f9-7544e92747e5',
  'x-github-event': 'check_run',
  'x-github-hook-id': '339095492',
  'x-github-hook-installation-target-id': '449924134',
  'x-github-hook-installation-target-type': 'repository',
  'x-hub-signature': 'sha1=f3590df45358047f57b4ce89398a0408c430952d',
  'x-hub-signature-256': 'sha256=c8c83adfff9a8c175bcfc9641ffa2b15d48bfb977277f7d8f8506215a809490d',
  'accept-encoding': 'gzip'
}
Webhook signature and test digest are matching.
WEBHOOK RECEIVED
{
  host: 'ea10-202-73-36-169.ngrok.io',
  'user-agent': 'GitHub-Hookshot/9574af4',
  'content-length': '7797',
  accept: '*/*',
  'content-type': 'application/json',
  'x-forwarded-for': '140.82.115.105',
  'x-forwarded-proto': 'https',
  'x-github-delivery': '1494cf20-7ac7-11ec-8258-5d2c39207167',
  'x-github-event': 'workflow_job',
  'x-github-hook-id': '339095492',
  'x-github-hook-installation-target-id': '449924134',
  'x-github-hook-installation-target-type': 'repository',
  'x-hub-signature': 'sha1=8037a0c13f341024b58cf2b5b5798e15d54f06b3',
  'x-hub-signature-256': 'sha256=b31f8ee4d4ee78a538093232904e958833d22307ef8332328abd8bebae49c255',
  'accept-encoding': 'gzip'
}
Webhook signature and test digest are matching.
WEBHOOK RECEIVED
{
  host: 'ea10-202-73-36-169.ngrok.io',
  'user-agent': 'GitHub-Hookshot/9574af4',
  'content-length': '7793',
  accept: '*/*',
  'content-type': 'application/json',
  'x-forwarded-for': '140.82.115.100',
  'x-forwarded-proto': 'https',
  'x-github-delivery': '14d09fa0-7ac7-11ec-9a08-f463bf9b7ffc',
  'x-github-event': 'workflow_job',
  'x-github-hook-id': '339095492',
  'x-github-hook-installation-target-id': '449924134',
  'x-github-hook-installation-target-type': 'repository',
  'x-hub-signature': 'sha1=d685dc841855452b36e5ccb0151c3a685c077d23',
  'x-hub-signature-256': 'sha256=089bbb6e90546f4362d151e1d4144afa84e899e5ceeade3794c58339dd3db06c',
  'accept-encoding': 'gzip'
}
Webhook signature and test digest are matching.
WEBHOOK RECEIVED
{
  host: 'ea10-202-73-36-169.ngrok.io',
  'user-agent': 'GitHub-Hookshot/9574af4',
  'content-length': '7796',
  accept: '*/*',
  'content-type': 'application/json',
  'x-forwarded-for': '140.82.115.82',
  'x-forwarded-proto': 'https',
  'x-github-delivery': '1510b5e0-7ac7-11ec-9b82-519fc9ef482a',
  'x-github-event': 'workflow_job',
  'x-github-hook-id': '339095492',
  'x-github-hook-installation-target-id': '449924134',
  'x-github-hook-installation-target-type': 'repository',
  'x-hub-signature': 'sha1=fe10f3a7af298efd1efe166bd945412088d6fd35',
  'x-hub-signature-256': 'sha256=7d38a72d7ebb909afb348a84c8f219de4119a465688be4bd36cbac03a6599db8',
  'accept-encoding': 'gzip'
}
Webhook signature and test digest are matching.
WEBHOOK RECEIVED
{
  host: 'ea10-202-73-36-169.ngrok.io',
  'user-agent': 'GitHub-Hookshot/9574af4',
  'content-length': '7796',
  accept: '*/*',
  'content-type': 'application/json',
  'x-forwarded-for': '140.82.115.241',
  'x-forwarded-proto': 'https',
  'x-github-delivery': '15b6b9e0-7ac7-11ec-8e79-19dda747caae',
  'x-github-event': 'workflow_job',
  'x-github-hook-id': '339095492',
  'x-github-hook-installation-target-id': '449924134',
  'x-github-hook-installation-target-type': 'repository',
  'x-hub-signature': 'sha1=5c97f6b356fefb933c4953e3396ef374677708bf',
  'x-hub-signature-256': 'sha256=d34f7ae2a2e329c058dcaded70a7877e355e251ce7c7bd08312df9cff8edeb02',
  'accept-encoding': 'gzip'
}
Webhook signature and test digest are matching.
WEBHOOK RECEIVED
{
  host: 'ea10-202-73-36-169.ngrok.io',
  'user-agent': 'GitHub-Hookshot/9574af4',
  'content-length': '12400',
  accept: '*/*',
  'content-type': 'application/json',
  'x-forwarded-for': '140.82.115.121',
  'x-forwarded-proto': 'https',
  'x-github-delivery': '23025a00-7ac7-11ec-96a9-737ff4858759',
  'x-github-event': 'check_run',
  'x-github-hook-id': '339095492',
  'x-github-hook-installation-target-id': '449924134',
  'x-github-hook-installation-target-type': 'repository',
  'x-hub-signature': 'sha1=9e6d13e4ab111bb6d31a70f072342f11c5bacc7a',
  'x-hub-signature-256': 'sha256=97784f662ed9a43121bb2100304e029da32643ceffbdc0a5cb3b84ca7cb8ab32',
  'accept-encoding': 'gzip'
}
Webhook signature and test digest are matching.
name:  test (ubuntu-latest, 12.x)
status failure
Url https://api.github.com/repos/mcheng-splunk/github-actions-for-ci/check-runs/4897675925
workflow duration 23sec
repository github-actions-for-ci
check run id 4897675925
WEBHOOK RECEIVED
{
  host: 'ea10-202-73-36-169.ngrok.io',
  'user-agent': 'GitHub-Hookshot/9574af4',
  'content-length': '8871',
  accept: '*/*',
  'content-type': 'application/json',
  'x-forwarded-for': '140.82.115.144',
  'x-forwarded-proto': 'https',
  'x-github-delivery': '230651a0-7ac7-11ec-83e6-d8af36a8cb7b',
  'x-github-event': 'workflow_job',
  'x-github-hook-id': '339095492',
  'x-github-hook-installation-target-id': '449924134',
  'x-github-hook-installation-target-type': 'repository',
  'x-hub-signature': 'sha1=e693773eaa7877e0866c2ce34b0dbe306b59dafb',
  'x-hub-signature-256': 'sha256=55a04c91e8035869e98a831b3609b91b23af92fbc25e5061c112788d48fdec18',
  'accept-encoding': 'gzip'
}
Webhook signature and test digest are matching.
workflow job id 4897675925
workflow job run attempt  12
workflow job conclusion  failure
WEBHOOK RECEIVED
{
  host: 'ea10-202-73-36-169.ngrok.io',
  'user-agent': 'GitHub-Hookshot/9574af4',
  'content-length': '8867',
  accept: '*/*',
  'content-type': 'application/json',
  'x-forwarded-for': '140.82.115.86',
  'x-forwarded-proto': 'https',
  'x-github-delivery': '24ad9900-7ac7-11ec-8a4a-99f93f717dba',
  'x-github-event': 'workflow_job',
  'x-github-hook-id': '339095492',
  'x-github-hook-installation-target-id': '449924134',
  'x-github-hook-installation-target-type': 'repository',
  'x-hub-signature': 'sha1=c48af429c6d6c1ac9e6dced0774a53ee53ffd625',
  'x-hub-signature-256': 'sha256=8a3cc65d758072f8a0bf6fea5e52d85efa6c16f10c0f650c1bd7fd320ccdfe39',
  'accept-encoding': 'gzip'
}
Webhook signature and test digest are matching.
workflow job id 4897675993
workflow job run attempt  12
workflow job conclusion  failure
WEBHOOK RECEIVED
{
  host: 'ea10-202-73-36-169.ngrok.io',
  'user-agent': 'GitHub-Hookshot/9574af4',
  'content-length': '12400',
  accept: '*/*',
  'content-type': 'application/json',
  'x-forwarded-for': '140.82.115.88',
  'x-forwarded-proto': 'https',
  'x-github-delivery': '24a70950-7ac7-11ec-8c1e-49e2951cdff7',
  'x-github-event': 'check_run',
  'x-github-hook-id': '339095492',
  'x-github-hook-installation-target-id': '449924134',
  'x-github-hook-installation-target-type': 'repository',
  'x-hub-signature': 'sha1=5f93e0eb7abc7d5be6085c3705f1bbe094b5f160',
  'x-hub-signature-256': 'sha256=c8b013872e73a7547965f41be292aa46f00a3adeaf9323bc82f1c243d764c66b',
  'accept-encoding': 'gzip'
}
Webhook signature and test digest are matching.
name:  test (ubuntu-latest, 14.x)
status failure
Url https://api.github.com/repos/mcheng-splunk/github-actions-for-ci/check-runs/4897675993
workflow duration 25sec
repository github-actions-for-ci
check run id 4897675993
WEBHOOK RECEIVED
{
  host: 'ea10-202-73-36-169.ngrok.io',
  'user-agent': 'GitHub-Hookshot/9574af4',
  'content-length': '12400',
  accept: '*/*',
  'content-type': 'application/json',
  'x-forwarded-for': '140.82.115.120',
  'x-forwarded-proto': 'https',
  'x-github-delivery': '270b1100-7ac7-11ec-94ed-424e1f336fe5',
  'x-github-event': 'check_run',
  'x-github-hook-id': '339095492',
  'x-github-hook-installation-target-id': '449924134',
  'x-github-hook-installation-target-type': 'repository',
  'x-hub-signature': 'sha1=49bb2495989a88b0b2fe131d4fcfcec531f2dac5',
  'x-hub-signature-256': 'sha256=255d638469af9cfc841c55f66caa7bf1914cb551ea8534a4189413c0f4dc7a4a',
  'accept-encoding': 'gzip'
}
Webhook signature and test digest are matching.
name:  test (windows-2016, 14.x)
status cancelled
Url https://api.github.com/repos/mcheng-splunk/github-actions-for-ci/check-runs/4897676170
workflow duration 29sec
repository github-actions-for-ci
check run id 4897676170
WEBHOOK RECEIVED
{
  host: 'ea10-202-73-36-169.ngrok.io',
  'user-agent': 'GitHub-Hookshot/9574af4',
  'content-length': '8874',
  accept: '*/*',
  'content-type': 'application/json',
  'x-forwarded-for': '140.82.115.100',
  'x-forwarded-proto': 'https',
  'x-github-delivery': '270e4550-7ac7-11ec-932d-057cce166e78',
  'x-github-event': 'workflow_job',
  'x-github-hook-id': '339095492',
  'x-github-hook-installation-target-id': '449924134',
  'x-github-hook-installation-target-type': 'repository',
  'x-hub-signature': 'sha1=2c38b7f3dbf4293c55bf2439fbffb4c3270c7933',
  'x-hub-signature-256': 'sha256=4bc057a2e687696363fc01fbd6adb1b9e202513de09ef2d4601f42d24cc6fd4b',
  'accept-encoding': 'gzip'
}
Webhook signature and test digest are matching.
workflow job id 4897676170
workflow job run attempt  12
workflow job conclusion  cancelled
WEBHOOK RECEIVED
{
  host: 'ea10-202-73-36-169.ngrok.io',
  'user-agent': 'GitHub-Hookshot/9574af4',
  'content-length': '8874',
  accept: '*/*',
  'content-type': 'application/json',
  'x-forwarded-for': '140.82.115.100',
  'x-forwarded-proto': 'https',
  'x-github-delivery': '2c964950-7ac7-11ec-8d75-b2038cf9b5c6',
  'x-github-event': 'workflow_job',
  'x-github-hook-id': '339095492',
  'x-github-hook-installation-target-id': '449924134',
  'x-github-hook-installation-target-type': 'repository',
  'x-hub-signature': 'sha1=d57e835ea8d1fc9df37677748b3f701ddeee7b04',
  'x-hub-signature-256': 'sha256=88d0be7273ba7bd08f1ac142163969f9ca8bf8393c4536ff62ca76df05d91d69',
  'accept-encoding': 'gzip'
}
Webhook signature and test digest are matching.
workflow job id 4897676097
workflow job run attempt  12
workflow job conclusion  cancelled
WEBHOOK RECEIVED
{
  host: 'ea10-202-73-36-169.ngrok.io',
  'user-agent': 'GitHub-Hookshot/9574af4',
  'content-length': '12400',
  accept: '*/*',
  'content-type': 'application/json',
  'x-forwarded-for': '140.82.115.145',
  'x-forwarded-proto': 'https',
  'x-github-delivery': '2c929fd0-7ac7-11ec-887f-199ed284d15a',
  'x-github-event': 'check_run',
  'x-github-hook-id': '339095492',
  'x-github-hook-installation-target-id': '449924134',
  'x-github-hook-installation-target-type': 'repository',
  'x-hub-signature': 'sha1=1c3e7e102469394f52ea1470f50aade2477bab4f',
  'x-hub-signature-256': 'sha256=e429fc4dcd196eb4d221cad37036b0b13477279d36e92dfff20544272e0f3b54',
  'accept-encoding': 'gzip'
}
Webhook signature and test digest are matching.
name:  test (windows-2016, 12.x)
status cancelled
Url https://api.github.com/repos/mcheng-splunk/github-actions-for-ci/check-runs/4897676097
workflow duration 36sec
repository github-actions-for-ci
check run id 4897676097
WEBHOOK RECEIVED
{
  host: 'ea10-202-73-36-169.ngrok.io',
  'user-agent': 'GitHub-Hookshot/9574af4',
  'content-length': '18846',
  accept: '*/*',
  'content-type': 'application/json',
  'x-forwarded-for': '140.82.115.105',
  'x-forwarded-proto': 'https',
  'x-github-delivery': '2ccdd410-7ac7-11ec-9104-51d3d3e84945',
  'x-github-event': 'workflow_run',
  'x-github-hook-id': '339095492',
  'x-github-hook-installation-target-id': '449924134',
  'x-github-hook-installation-target-type': 'repository',
  'x-hub-signature': 'sha1=49bffc6b3a7db3450a886c4c59e236b9eb3da3fd',
  'x-hub-signature-256': 'sha256=43b309d4fc60d2bb52d570f1bf38039ee305060367c0b9e3cf15cba339b97e48',
  'accept-encoding': 'gzip'
}
Webhook signature and test digest are matching.
workflow run id 1723116251
workflow run number  24
workflow job conclusion failure
